<?xml version="1.0" encoding="UTF-8" standalone="yes" ?>
<test-results name="C:\Projetos\Delphi\xxxx\CalcTest\Win32\Debug\CalcTest.exe" total="4" errors="1" failures="0" ignored="0" inconclusive="0" not-run="0" skipped="0" invalid="0" date="2020-10-10" time="3.105">
  <culture-info current-culture="en" current-uiculture="en" />
  <test-suite type="Assembly" name="CalcTest.exe" executed="true" result="Failure" success="False" time="3.105" asserts="0">
    <results>
        <test-suite type="Namespace" name="uTestador" executed="true" result="Success" success="True" time="3.105" asserts="0" >
          <results>
              <test-suite type="Fixture" name="TCalculadora" executed="True" result="Success" success="True" time="3.105" >
                <results>
                  <test-case name="somar" executed="True" result="Success" success="True" time="0.000" asserts="0" />
                  <test-case name="sub" executed="True" result="Success" success="True" time="0.000" asserts="0" />
                  <test-case name="mult" executed="True" result="Success" success="True" time="0.000" asserts="0" />
                  <test-case name="divisao" executed="True" result="Error" success="False" time="3.077" asserts="0" >
                    <failure>
                      <message>
                        <![CDATA[ Floating point division by zero ]]>
                      </message>
                      <stack-trace>
                        <![CDATA[  ]]>
                      </stack-trace>
                    </failure>
                  </test-case>
                </results>
              </test-suite>
          </results>
        </test-suite>
    </results>
  </test-suite>
</test-results>
